{"/home/skyaus/theOdinProject/testing-practice/src/caesarCipher/caesarCipher.js": {"path":"/home/skyaus/theOdinProject/testing-practice/src/caesarCipher/caesarCipher.js","statementMap":{"0":{"start":{"line":3,"column":4},"end":{"line":5,"column":5}},"1":{"start":{"line":4,"column":8},"end":{"line":4,"column":53}},"2":{"start":{"line":6,"column":20},"end":{"line":6,"column":36}},"3":{"start":{"line":7,"column":22},"end":{"line":21,"column":6}},"4":{"start":{"line":9,"column":8},"end":{"line":9,"column":44}},"5":{"start":{"line":9,"column":30},"end":{"line":9,"column":44}},"6":{"start":{"line":11,"column":29},"end":{"line":11,"column":67}},"7":{"start":{"line":12,"column":8},"end":{"line":14,"column":9}},"8":{"start":{"line":13,"column":12},"end":{"line":13,"column":45}},"9":{"start":{"line":16,"column":8},"end":{"line":18,"column":9}},"10":{"start":{"line":17,"column":8},"end":{"line":17,"column":51}},"11":{"start":{"line":19,"column":8},"end":{"line":19,"column":54}},"12":{"start":{"line":22,"column":4},"end":{"line":22,"column":34}}},"fnMap":{"0":{"name":"caesarCipher","decl":{"start":{"line":2,"column":9},"end":{"line":2,"column":21}},"loc":{"start":{"line":2,"column":33},"end":{"line":23,"column":1}},"line":2},"1":{"name":"(anonymous_1)","decl":{"start":{"line":7,"column":36},"end":{"line":7,"column":37}},"loc":{"start":{"line":7,"column":46},"end":{"line":21,"column":5}},"line":7}},"branchMap":{"0":{"loc":{"start":{"line":3,"column":4},"end":{"line":5,"column":5}},"type":"if","locations":[{"start":{"line":3,"column":4},"end":{"line":5,"column":5}},{"start":{},"end":{}}],"line":3},"1":{"loc":{"start":{"line":9,"column":8},"end":{"line":9,"column":44}},"type":"if","locations":[{"start":{"line":9,"column":8},"end":{"line":9,"column":44}},{"start":{},"end":{}}],"line":9},"2":{"loc":{"start":{"line":12,"column":8},"end":{"line":14,"column":9}},"type":"if","locations":[{"start":{"line":12,"column":8},"end":{"line":14,"column":9}},{"start":{},"end":{}}],"line":12},"3":{"loc":{"start":{"line":16,"column":8},"end":{"line":18,"column":9}},"type":"if","locations":[{"start":{"line":16,"column":8},"end":{"line":18,"column":9}},{"start":{},"end":{}}],"line":16}},"s":{"0":6,"1":1,"2":5,"3":5,"4":24,"5":2,"6":22,"7":22,"8":6,"9":22,"10":16,"11":6,"12":5},"f":{"0":6,"1":24},"b":{"0":[1,5],"1":[2,22],"2":[6,16],"3":[16,6]},"_coverageSchema":"1a1c01bbd47fc00a2c39e90264f33305004495a9","hash":"e003974a54b2021cdf28efcf9717644ec6aad882"}
,"/home/skyaus/theOdinProject/testing-practice/src/calculator/calculator.js": {"path":"/home/skyaus/theOdinProject/testing-practice/src/calculator/calculator.js","statementMap":{"0":{"start":{"line":1,"column":17},"end":{"line":14,"column":1}},"1":{"start":{"line":3,"column":8},"end":{"line":3,"column":19}},"2":{"start":{"line":6,"column":8},"end":{"line":6,"column":19}},"3":{"start":{"line":9,"column":8},"end":{"line":9,"column":19}},"4":{"start":{"line":12,"column":8},"end":{"line":12,"column":19}}},"fnMap":{"0":{"name":"(anonymous_0)","decl":{"start":{"line":2,"column":8},"end":{"line":2,"column":9}},"loc":{"start":{"line":2,"column":21},"end":{"line":4,"column":5}},"line":2},"1":{"name":"(anonymous_1)","decl":{"start":{"line":5,"column":13},"end":{"line":5,"column":14}},"loc":{"start":{"line":5,"column":26},"end":{"line":7,"column":5}},"line":5},"2":{"name":"(anonymous_2)","decl":{"start":{"line":8,"column":11},"end":{"line":8,"column":12}},"loc":{"start":{"line":8,"column":24},"end":{"line":10,"column":5}},"line":8},"3":{"name":"(anonymous_3)","decl":{"start":{"line":11,"column":13},"end":{"line":11,"column":14}},"loc":{"start":{"line":11,"column":26},"end":{"line":13,"column":5}},"line":11}},"branchMap":{},"s":{"0":1,"1":1,"2":1,"3":1,"4":1},"f":{"0":1,"1":1,"2":1,"3":1},"b":{},"_coverageSchema":"1a1c01bbd47fc00a2c39e90264f33305004495a9","hash":"797af672d76e20d37fc5fe16fe6f99c1c0f75219"}
,"/home/skyaus/theOdinProject/testing-practice/src/capitalize/capitalize.js": {"path":"/home/skyaus/theOdinProject/testing-practice/src/capitalize/capitalize.js","statementMap":{"0":{"start":{"line":7,"column":17},"end":{"line":14,"column":1}},"1":{"start":{"line":8,"column":16},"end":{"line":8,"column":26}},"2":{"start":{"line":9,"column":20},"end":{"line":9,"column":40}},"3":{"start":{"line":10,"column":22},"end":{"line":10,"column":38}},"4":{"start":{"line":11,"column":4},"end":{"line":11,"column":64}},"5":{"start":{"line":13,"column":4},"end":{"line":13,"column":32}}},"fnMap":{"0":{"name":"(anonymous_0)","decl":{"start":{"line":7,"column":17},"end":{"line":7,"column":18}},"loc":{"start":{"line":7,"column":27},"end":{"line":14,"column":1}},"line":7}},"branchMap":{},"s":{"0":1,"1":4,"2":4,"3":4,"4":4,"5":4},"f":{"0":4},"b":{},"_coverageSchema":"1a1c01bbd47fc00a2c39e90264f33305004495a9","hash":"42ad4c3241b51ac061aee3abadc2c695e2ccd2a1"}
,"/home/skyaus/theOdinProject/testing-practice/src/reverseString/reverseString.js": {"path":"/home/skyaus/theOdinProject/testing-practice/src/reverseString/reverseString.js","statementMap":{"0":{"start":{"line":1,"column":20},"end":{"line":12,"column":1}},"1":{"start":{"line":2,"column":4},"end":{"line":11,"column":1}},"2":{"start":{"line":3,"column":20},"end":{"line":3,"column":36}},"3":{"start":{"line":4,"column":22},"end":{"line":4,"column":24}},"4":{"start":{"line":5,"column":4},"end":{"line":7,"column":5}},"5":{"start":{"line":6,"column":8},"end":{"line":6,"column":40}},"6":{"start":{"line":8,"column":4},"end":{"line":8,"column":30}},"7":{"start":{"line":10,"column":4},"end":{"line":10,"column":16}}},"fnMap":{"0":{"name":"(anonymous_0)","decl":{"start":{"line":1,"column":20},"end":{"line":1,"column":21}},"loc":{"start":{"line":1,"column":30},"end":{"line":12,"column":1}},"line":1}},"branchMap":{"0":{"loc":{"start":{"line":2,"column":4},"end":{"line":11,"column":1}},"type":"if","locations":[{"start":{"line":2,"column":4},"end":{"line":11,"column":1}},{"start":{"line":9,"column":5},"end":{"line":11,"column":1}}],"line":2}},"s":{"0":1,"1":2,"2":1,"3":1,"4":1,"5":5,"6":1,"7":1},"f":{"0":2},"b":{"0":[1,1]},"_coverageSchema":"1a1c01bbd47fc00a2c39e90264f33305004495a9","hash":"f308c7ab7e69902add119d1d3caab922f5ea0359"}
}
