TN:
SF:src/caesarCipher/caesarCipher.js
FN:2,caesarCipher
FN:7,(anonymous_1)
FNF:2
FNH:2
FNDA:6,caesarCipher
FNDA:24,(anonymous_1)
DA:3,6
DA:4,1
DA:6,5
DA:7,5
DA:9,24
DA:11,22
DA:12,22
DA:13,6
DA:16,22
DA:17,16
DA:19,6
DA:22,5
LF:12
LH:12
BRDA:3,0,0,1
BRDA:3,0,1,5
BRDA:9,1,0,2
BRDA:9,1,1,22
BRDA:12,2,0,6
BRDA:12,2,1,16
BRDA:16,3,0,16
BRDA:16,3,1,6
BRF:8
BRH:8
end_of_record
TN:
SF:src/calculator/calculator.js
FN:2,(anonymous_0)
FN:5,(anonymous_1)
FN:8,(anonymous_2)
FN:11,(anonymous_3)
FNF:4
FNH:4
FNDA:1,(anonymous_0)
FNDA:1,(anonymous_1)
FNDA:1,(anonymous_2)
FNDA:1,(anonymous_3)
DA:1,1
DA:3,1
DA:6,1
DA:9,1
DA:12,1
LF:5
LH:5
BRF:0
BRH:0
end_of_record
TN:
SF:src/capitalize/capitalize.js
FN:7,(anonymous_0)
FNF:1
FNH:1
FNDA:4,(anonymous_0)
DA:7,1
DA:8,4
DA:9,4
DA:10,4
DA:11,4
DA:13,4
LF:6
LH:6
BRF:0
BRH:0
end_of_record
TN:
SF:src/reverseString/reverseString.js
FN:1,(anonymous_0)
FNF:1
FNH:1
FNDA:2,(anonymous_0)
DA:1,1
DA:2,2
DA:3,1
DA:4,1
DA:5,1
DA:6,5
DA:8,1
DA:10,1
LF:8
LH:8
BRDA:2,0,0,1
BRDA:2,0,1,1
BRF:2
BRH:2
end_of_record
